GenOpt(R) Optimization Version 3.1.1, March 29, 2016

Lawrence Berkeley National Laboratory
http://simulationresearch.lbl.gov
Michael Wetter, MWetter@lbl.gov

GenOpt Copyright (c) 1998-2016, The Regents of the
University of California, through Lawrence Berkeley
National Laboratory (subject to receipt of any 
required approvals from the U.S. Dept. of Energy).
All rights reserved.

The development of GenOpt is supported by
the U.S. Department of Energy (DOE),
the Swiss Academy of Engineering Sciences (SATW),
the Swiss National Energy Fund (NEFF), and
the Swiss National Science Foundation (SNSF).
_______________________________________________________________

Configuration file : C:\Users\user1\Documents\GitHub\openACHP\opt1\optWin.ini
Command file       : C:\Users\user1\Documents\GitHub\openACHP\opt1\command.txt

Optimization started  at : Fri Aug 04 15:28:04 PDT 2017
Optimization finished at : Fri Aug 04 15:28:07 PDT 2017
Execution time           :            00:00:02
_______________________________________________________________

Optimization terminated with error.

Error message:
**************
java.lang.Exception: 

Exception in executing the simulation program

Simulation working directory : 'C:\Users\user1\Documents\GitHub\openACHP\opt1\tmp-genopt-run-1'
Command string               : 'python "C:\Users\user1\Documents\GitHub\openACHP\src\system_aqua1.py" "x.txt" "f.txt" "simlog.txt"'
Exception message: 
Cannot run program "python" (in directory "C:\Users\user1\Documents\GitHub\openACHP\opt1\tmp-genopt-run-1"): CreateProcess error=2, The system cannot find the file specified

GenOpt terminated with error.
